[main f12956e] Auto-update index.html
 4 files changed, 17 insertions(+), 1 deletion(-)
 create mode 100644 .gitignor
 create mode 100644 check_and_update.log
 create mode 100644 cron.log
To https://github.com/odjopuen/bboi.git
   317d3ad..f12956e  main -> main
Fetching remote file for comparison...
Changes detected. Updating GitHub...
Pushed changes to GitHub.
Fetching remote file for comparison...
No changes detected. Exiting.
Fetching remote file for comparison...
No changes detected. Exiting.
Fetching remote file for comparison...
No changes detected. Exiting.
Fetching remote file for comparison...
No changes detected. Exiting.
Fetching remote file for comparison...
No changes detected. Exiting.
